2018-02-13 16:50:39 [scrapy.utils.log] INFO: Scrapy 1.5.0 started (bot: myfirst)
2018-02-13 16:50:39 [scrapy.utils.log] INFO: Versions: lxml 4.1.1.0, libxml2 2.9.7, cssselect 1.0.3, parsel 1.3.1, w3lib 1.18.0, Twisted 17.9.0, Python 3.5.2 (default, Nov 23 2017, 16:37:01) - [GCC 5.4.0 20160609], pyOpenSSL 17.5.0 (OpenSSL 1.1.0g  2 Nov 2017), cryptography 2.1.4, Platform Linux-4.13.0-32-generic-x86_64-with-Ubuntu-16.04-xenial
018-02-13 17:05:38 [scrapy.utils.log] INFO: Scrapy 1.5.0 started (bot: myfirst)
2018-02-13 17:05:38 [scrapy.utils.log] INFO: Versions: lxml 4.1.1.0, libxml2 2.9.7, cssselect 1.0.3, parsel 1.3.1, w3lib 1.18.0, Twisted 17.9.0, Python 3.5.2 (default, Nov 23 2017, 16:37:01) - [GCC 5.4.0 20160609], pyOpenSSL 17.5.0 (OpenSSL 1.1.0g  2 Nov 2017), cryptography 2.1.4, Platform Linux-4.13.0-32-generic-x86_64-with-Ubuntu-16.04-xenial
2018-02-13 17:05:38 [stdout] INFO: Spider 'movie' already exists in module:
2018-02-13 17:05:38 [stdout] INFO:   myfirst.spiders.doubanMovie
2018-02-13 17:07:07 [scrapy.utils.log] INFO: Scrapy 1.5.0 started (bot: myfirst)
2018-02-13 17:07:07 [scrapy.utils.log] INFO: Versions: lxml 4.1.1.0, libxml2 2.9.7, cssselect 1.0.3, parsel 1.3.1, w3lib 1.18.0, Twisted 17.9.0, Python 3.5.2 (default, Nov 23 2017, 16:37:01) - [GCC 5.4.0 20160609], pyOpenSSL 17.5.0 (OpenSSL 1.1.0g  2 Nov 2017), cryptography 2.1.4, Platform Linux-4.13.0-32-generic-x86_64-with-Ubuntu-16.04-xenial
2018-02-13 17:07:31 [scrapy.utils.log] INFO: Scrapy 1.5.0 started (bot: myfirst)
2018-02-13 17:07:31 [scrapy.utils.log] INFO: Versions: lxml 4.1.1.0, libxml2 2.9.7, cssselect 1.0.3, parsel 1.3.1, w3lib 1.18.0, Twisted 17.9.0, Python 3.5.2 (default, Nov 23 2017, 16:37:01) - [GCC 5.4.0 20160609], pyOpenSSL 17.5.0 (OpenSSL 1.1.0g  2 Nov 2017), cryptography 2.1.4, Platform Linux-4.13.0-32-generic-x86_64-with-Ubuntu-16.04-xenial
2018-02-13 17:07:31 [scrapy.crawler] INFO: Overridden settings: {'ROBOTSTXT_OBEY': True, 'SPIDER_MODULES': ['myfirst.spiders'], 'LOG_STDOUT': True, 'BOT_NAME': 'myfirst', 'NEWSPIDER_MODULE': 'myfirst.spiders', 'LOG_FILE': '../log.log'}
2018-02-13 17:07:31 [scrapy.middleware] INFO: Enabled extensions:
['scrapy.extensions.logstats.LogStats',
 'scrapy.extensions.telnet.TelnetConsole',
 'scrapy.extensions.memusage.MemoryUsage',
 'scrapy.extensions.corestats.CoreStats']
2018-02-13 17:07:31 [scrapy.middleware] INFO: Enabled downloader middlewares:
['scrapy.downloadermiddlewares.robotstxt.RobotsTxtMiddleware',
 'scrapy.downloadermiddlewares.httpauth.HttpAuthMiddleware',
 'scrapy.downloadermiddlewares.downloadtimeout.DownloadTimeoutMiddleware',
 'scrapy.downloadermiddlewares.defaultheaders.DefaultHeadersMiddleware',
 'scrapy.downloadermiddlewares.useragent.UserAgentMiddleware',
 'scrapy.downloadermiddlewares.retry.RetryMiddleware',
 'scrapy.downloadermiddlewares.redirect.MetaRefreshMiddleware',
 'scrapy.downloadermiddlewares.httpcompression.HttpCompressionMiddleware',
 'scrapy.downloadermiddlewares.redirect.RedirectMiddleware',
 'scrapy.downloadermiddlewares.cookies.CookiesMiddleware',
 'scrapy.downloadermiddlewares.httpproxy.HttpProxyMiddleware',
 'scrapy.downloadermiddlewares.stats.DownloaderStats']
2018-02-13 17:07:31 [scrapy.middleware] INFO: Enabled spider middlewares:
['scrapy.spidermiddlewares.httperror.HttpErrorMiddleware',
 'scrapy.spidermiddlewares.offsite.OffsiteMiddleware',
 'scrapy.spidermiddlewares.referer.RefererMiddleware',
 'scrapy.spidermiddlewares.urllength.UrlLengthMiddleware',
 'scrapy.spidermiddlewares.depth.DepthMiddleware']
2018-02-13 17:07:31 [scrapy.middleware] INFO: Enabled item pipelines:
[]
2018-02-13 17:07:31 [scrapy.core.engine] INFO: Spider opened
2018-02-13 17:07:31 [scrapy.extensions.logstats] INFO: Crawled 0 pages (at 0 pages/min), scraped 0 items (at 0 items/min)
2018-02-13 17:07:31 [py.warnings] WARNING: /home/wjz/PycharmProjects/little/venv/lib/python3.5/site-packages/scrapy/spidermiddlewares/offsite.py:59: URLWarning: allowed_domains accepts only domains, not URLs. Ignoring URL entry https://movie.douban.com/ in allowed_domains.
  warnings.warn("allowed_domains accepts only domains, not URLs. Ignoring URL entry %s in allowed_domains." % domain, URLWarning)

2018-02-13 17:07:31 [scrapy.extensions.telnet] DEBUG: Telnet console listening on 127.0.0.1:6023
2018-02-13 17:07:32 [scrapy.core.engine] DEBUG: Crawled (403) <GET https://movie.douban.com/robots.txt> (referer: None)
2018-02-13 17:07:32 [scrapy.core.engine] DEBUG: Crawled (403) <GET https://movie.douban.com/chart> (referer: None)
2018-02-13 17:07:32 [scrapy.spidermiddlewares.httperror] INFO: Ignoring response <403 https://movie.douban.com/chart>: HTTP status code is not handled or not allowed
2018-02-13 17:07:32 [scrapy.core.engine] INFO: Closing spider (finished)
2018-02-13 17:07:32 [scrapy.statscollectors] INFO: Dumping Scrapy stats:
{'downloader/request_bytes': 445,
 'downloader/request_count': 2,
 'downloader/request_method_count/GET': 2,
 'downloader/response_bytes': 496,
 'downloader/response_count': 2,
 'downloader/response_status_count/403': 2,
 'finish_reason': 'finished',
 'finish_time': datetime.datetime(2018, 2, 13, 9, 7, 32, 612942),
 'httperror/response_ignored_count': 1,
 'httperror/response_ignored_status_count/403': 1,
 'log_count/DEBUG': 3,
 'log_count/INFO': 8,
 'log_count/WARNING': 1,
 'memusage/max': 1562607616,
 'memusage/startup': 1562607616,
 'response_received_count': 2,
 'scheduler/dequeued': 1,
 'scheduler/dequeued/memory': 1,
 'scheduler/enqueued': 1,
 'scheduler/enqueued/memory': 1,
 'start_time': datetime.datetime(2018, 2, 13, 9, 7, 31, 619542)}
2018-02-13 17:07:32 [scrapy.core.engine] INFO: Spider closed (finished)
2018-02-13 17:09:37 [scrapy.utils.log] INFO: Scrapy 1.5.0 started (bot: myfirst)
2018-02-13 17:09:37 [scrapy.utils.log] INFO: Versions: lxml 4.1.1.0, libxml2 2.9.7, cssselect 1.0.3, parsel 1.3.1, w3lib 1.18.0, Twisted 17.9.0, Python 3.5.2 (default, Nov 23 2017, 16:37:01) - [GCC 5.4.0 20160609], pyOpenSSL 17.5.0 (OpenSSL 1.1.0g  2 Nov 2017), cryptography 2.1.4, Platform Linux-4.13.0-32-generic-x86_64-with-Ubuntu-16.04-xenial
2018-02-13 17:09:37 [scrapy.crawler] INFO: Overridden settings: {'SPIDER_MODULES': ['myfirst.spiders'], 'ROBOTSTXT_OBEY': True, 'LOG_FILE': '../log.log', 'BOT_NAME': 'myfirst', 'NEWSPIDER_MODULE': 'myfirst.spiders'}
2018-02-13 17:09:37 [scrapy.middleware] INFO: Enabled extensions:
['scrapy.extensions.corestats.CoreStats',
 'scrapy.extensions.memusage.MemoryUsage',
 'scrapy.extensions.logstats.LogStats',
 'scrapy.extensions.telnet.TelnetConsole']
2018-02-13 17:09:37 [scrapy.middleware] INFO: Enabled downloader middlewares:
['scrapy.downloadermiddlewares.robotstxt.RobotsTxtMiddleware',
 'scrapy.downloadermiddlewares.httpauth.HttpAuthMiddleware',
 'scrapy.downloadermiddlewares.downloadtimeout.DownloadTimeoutMiddleware',
 'scrapy.downloadermiddlewares.defaultheaders.DefaultHeadersMiddleware',
 'scrapy.downloadermiddlewares.useragent.UserAgentMiddleware',
 'scrapy.downloadermiddlewares.retry.RetryMiddleware',
 'scrapy.downloadermiddlewares.redirect.MetaRefreshMiddleware',
 'scrapy.downloadermiddlewares.httpcompression.HttpCompressionMiddleware',
 'scrapy.downloadermiddlewares.redirect.RedirectMiddleware',
 'scrapy.downloadermiddlewares.cookies.CookiesMiddleware',
 'scrapy.downloadermiddlewares.httpproxy.HttpProxyMiddleware',
 'scrapy.downloadermiddlewares.stats.DownloaderStats']
2018-02-13 17:09:37 [scrapy.middleware] INFO: Enabled spider middlewares:
['scrapy.spidermiddlewares.httperror.HttpErrorMiddleware',
 'scrapy.spidermiddlewares.offsite.OffsiteMiddleware',
 'scrapy.spidermiddlewares.referer.RefererMiddleware',
 'scrapy.spidermiddlewares.urllength.UrlLengthMiddleware',
 'scrapy.spidermiddlewares.depth.DepthMiddleware']
2018-02-13 17:09:37 [scrapy.middleware] INFO: Enabled item pipelines:
[]
2018-02-13 17:09:37 [scrapy.core.engine] INFO: Spider opened
2018-02-13 17:09:37 [scrapy.extensions.logstats] INFO: Crawled 0 pages (at 0 pages/min), scraped 0 items (at 0 items/min)
2018-02-13 17:09:37 [py.warnings] WARNING: /home/wjz/PycharmProjects/little/venv/lib/python3.5/site-packages/scrapy/spidermiddlewares/offsite.py:59: URLWarning: allowed_domains accepts only domains, not URLs. Ignoring URL entry https://movie.douban.com/ in allowed_domains.
  warnings.warn("allowed_domains accepts only domains, not URLs. Ignoring URL entry %s in allowed_domains." % domain, URLWarning)

2018-02-13 17:09:37 [scrapy.extensions.telnet] DEBUG: Telnet console listening on 127.0.0.1:6023
2018-02-13 17:09:38 [scrapy.core.engine] DEBUG: Crawled (403) <GET https://movie.douban.com/robots.txt> (referer: None)
2018-02-13 17:09:38 [scrapy.core.engine] DEBUG: Crawled (403) <GET https://movie.douban.com/chart> (referer: None)
2018-02-13 17:09:38 [scrapy.spidermiddlewares.httperror] INFO: Ignoring response <403 https://movie.douban.com/chart>: HTTP status code is not handled or not allowed
2018-02-13 17:09:38 [scrapy.core.engine] INFO: Closing spider (finished)
2018-02-13 17:09:38 [scrapy.statscollectors] INFO: Dumping Scrapy stats:
{'downloader/request_bytes': 445,
 'downloader/request_count': 2,
 'downloader/request_method_count/GET': 2,
 'downloader/response_bytes': 496,
 'downloader/response_count': 2,
 'downloader/response_status_count/403': 2,
 'finish_reason': 'finished',
 'finish_time': datetime.datetime(2018, 2, 13, 9, 9, 38, 467782),
 'httperror/response_ignored_count': 1,
 'httperror/response_ignored_status_count/403': 1,
 'log_count/DEBUG': 3,
 'log_count/INFO': 8,
 'log_count/WARNING': 1,
 'memusage/max': 1562722304,
 'memusage/startup': 1562722304,
 'response_received_count': 2,
 'scheduler/dequeued': 1,
 'scheduler/dequeued/memory': 1,
 'scheduler/enqueued': 1,
 'scheduler/enqueued/memory': 1,
 'start_time': datetime.datetime(2018, 2, 13, 9, 9, 37, 570731)}
2018-02-13 17:09:38 [scrapy.core.engine] INFO: Spider closed (finished)
